<?xml version="1.0" encoding="UTF-8"?>
<testng-results ignored="0" total="3" passed="3" failed="0" skipped="0">
  <reporter-output>
  </reporter-output>
  <suite started-at="2021-12-10T17:20:48 IST" name="Suite" finished-at="2021-12-10T17:20:48 IST" duration-ms="56">
    <groups>
    </groups>
    <test started-at="2021-12-10T17:20:48 IST" name="Test" finished-at="2021-12-10T17:20:48 IST" duration-ms="56">
      <class name="Pract1Test">
        <test-method signature="maventest()[pri:0, instance:Pract1Test@73e22a3d]" started-at="2021-12-10T17:20:48 IST" name="maventest" finished-at="2021-12-10T17:20:48 IST" duration-ms="2" status="PASS">
          <reporter-output>
          </reporter-output>
        </test-method> <!-- maventest -->
      </class> <!-- Pract1Test -->
      <class name="mavenTest">
        <test-method signature="gggtest()[pri:0, instance:mavenTest@7e5afaa6]" started-at="2021-12-10T17:20:48 IST" name="gggtest" finished-at="2021-12-10T17:20:48 IST" duration-ms="9" status="PASS">
          <reporter-output>
          </reporter-output>
        </test-method> <!-- gggtest -->
      </class> <!-- mavenTest -->
      <class name="mvnTest">
        <test-method signature="maventest()[pri:0, instance:mvnTest@3232a28a]" started-at="2021-12-10T17:20:48 IST" name="maventest" finished-at="2021-12-10T17:20:48 IST" duration-ms="1" status="PASS">
          <reporter-output>
          </reporter-output>
        </test-method> <!-- maventest -->
      </class> <!-- mvnTest -->
    </test> <!-- Test -->
  </suite> <!-- Suite -->
</testng-results>
